TN:
SF:postcss.config.js
FN:1,(empty-report)
FNF:1
FNH:0
FNDA:0,(empty-report)
DA:1,0
DA:2,0
DA:3,0
DA:4,0
DA:5,0
DA:6,0
DA:7,0
DA:8,0
DA:9,0
DA:10,0
LF:10
LH:0
BRDA:1,0,0,0
BRF:1
BRH:0
end_of_record
TN:
SF:tailwind.config.js
FN:1,(empty-report)
FNF:1
FNH:0
FNDA:0,(empty-report)
DA:1,0
DA:2,0
DA:3,0
DA:4,0
DA:5,0
DA:6,0
DA:7,0
DA:8,0
DA:9,0
DA:10,0
DA:11,0
DA:12,0
DA:13,0
DA:14,0
DA:15,0
DA:16,0
DA:17,0
DA:18,0
DA:19,0
DA:20,0
DA:21,0
DA:22,0
DA:23,0
DA:24,0
DA:25,0
DA:26,0
DA:27,0
DA:28,0
DA:29,0
DA:30,0
DA:31,0
DA:32,0
DA:33,0
DA:34,0
DA:35,0
DA:36,0
DA:37,0
DA:38,0
DA:39,0
DA:40,0
DA:41,0
DA:42,0
DA:43,0
DA:44,0
DA:45,0
DA:46,0
DA:47,0
DA:48,0
DA:49,0
DA:50,0
DA:51,0
DA:52,0
DA:53,0
DA:54,0
DA:55,0
DA:56,0
DA:57,0
LF:57
LH:0
BRDA:1,0,0,0
BRF:1
BRH:0
end_of_record
TN:
SF:src/App.tsx
FN:1,(empty-report)
FNF:1
FNH:0
FNDA:0,(empty-report)
DA:1,0
DA:5,0
DA:6,0
DA:7,0
DA:8,0
DA:9,0
DA:10,0
DA:11,0
DA:12,0
DA:14,0
DA:15,0
DA:16,0
DA:17,0
DA:18,0
DA:19,0
DA:20,0
DA:21,0
DA:22,0
DA:23,0
DA:24,0
DA:25,0
DA:26,0
DA:27,0
DA:28,0
DA:29,0
DA:31,0
DA:33,0
LF:27
LH:0
BRDA:1,0,0,0
BRF:1
BRH:0
end_of_record
TN:
SF:src/main.tsx
FN:1,(empty-report)
FNF:1
FNH:0
FNDA:0,(empty-report)
DA:1,0
DA:5,0
DA:6,0
DA:7,0
DA:8,0
DA:10,0
DA:11,0
DA:12,0
DA:13,0
DA:14,0
LF:10
LH:0
BRDA:1,0,0,0
BRF:1
BRH:0
end_of_record
TN:
SF:src/components/ErrorAlert.tsx
FN:14,ErrorAlert
FNF:1
FNH:1
FNDA:6,ErrorAlert
DA:1,1
DA:14,1
DA:15,6
DA:17,6
DA:18,6
DA:19,0
DA:20,6
DA:21,1
DA:22,5
DA:23,5
DA:24,5
DA:25,0
DA:26,0
DA:28,6
DA:29,6
DA:30,6
DA:31,6
DA:32,6
DA:33,6
DA:35,6
LF:20
LH:17
BRDA:14,0,0,6
BRDA:15,1,0,0
BRDA:18,2,0,0
BRDA:20,3,0,5
BRDA:20,4,0,1
BRDA:24,5,0,0
BRF:6
BRH:3
end_of_record
TN:
SF:src/components/Header.tsx
FN:1,(empty-report)
FNF:1
FNH:0
FNDA:0,(empty-report)
DA:1,0
DA:9,0
DA:10,0
DA:12,0
DA:13,0
DA:14,0
DA:15,0
DA:16,0
DA:17,0
DA:18,0
DA:19,0
DA:20,0
DA:21,0
DA:22,0
DA:23,0
DA:24,0
DA:26,0
DA:27,0
DA:28,0
DA:29,0
DA:30,0
DA:31,0
DA:33,0
DA:34,0
DA:35,0
DA:36,0
DA:37,0
DA:38,0
DA:40,0
DA:41,0
DA:42,0
DA:43,0
DA:44,0
DA:45,0
DA:47,0
DA:48,0
DA:49,0
DA:50,0
DA:51,0
DA:52,0
DA:54,0
DA:55,0
DA:56,0
DA:57,0
DA:58,0
DA:60,0
LF:46
LH:0
BRDA:1,0,0,0
BRF:1
BRH:0
end_of_record
TN:
SF:src/components/Layout.tsx
FN:1,(empty-report)
FNF:1
FNH:0
FNDA:0,(empty-report)
DA:1,0
DA:13,0
DA:14,0
DA:15,0
DA:16,0
DA:17,0
DA:18,0
DA:19,0
DA:20,0
DA:21,0
DA:22,0
DA:24,0
DA:25,0
DA:26,0
DA:27,0
DA:28,0
DA:30,0
LF:17
LH:0
BRDA:1,0,0,0
BRF:1
BRH:0
end_of_record
TN:
SF:src/components/LoadingSpinner.tsx
FN:13,LoadingSpinner
FNF:1
FNH:1
FNDA:14,LoadingSpinner
DA:1,1
DA:13,1
DA:14,14
DA:15,14
DA:16,14
DA:17,14
DA:18,14
DA:20,14
DA:21,14
DA:22,14
DA:23,14
DA:25,14
LF:12
LH:12
BRDA:13,0,0,14
BRF:1
BRH:1
end_of_record
TN:
SF:src/components/StatusBadge.tsx
FN:13,StatusBadge
FNF:1
FNH:1
FNDA:3,StatusBadge
DA:1,1
DA:13,1
DA:14,3
DA:16,3
DA:17,3
DA:18,3
DA:19,3
DA:21,0
DA:23,3
DA:24,3
DA:26,3
LF:11
LH:10
BRDA:13,0,0,3
BRDA:14,1,0,0
BRDA:14,2,0,0
BRDA:17,3,0,0
BRDA:19,4,0,0
BRDA:23,5,0,0
BRF:6
BRH:1
end_of_record
TN:
SF:src/components/ThemePicker.tsx
FN:1,(empty-report)
FNF:1
FNH:0
FNDA:0,(empty-report)
DA:1,0
DA:15,0
DA:16,0
DA:18,0
DA:19,0
DA:20,0
DA:21,0
DA:22,0
DA:24,0
DA:26,0
DA:27,0
DA:28,0
DA:29,0
DA:30,0
DA:31,0
DA:32,0
DA:33,0
DA:34,0
DA:35,0
DA:36,0
DA:37,0
DA:38,0
DA:39,0
DA:41,0
DA:42,0
DA:43,0
DA:44,0
DA:46,0
DA:47,0
DA:48,0
DA:49,0
DA:51,0
LF:32
LH:0
BRDA:1,0,0,0
BRF:1
BRH:0
end_of_record
TN:
SF:src/components/ui/alert.tsx
FNF:0
FNH:0
DA:1,1
DA:12,1
DA:13,1
DA:14,6
DA:15,6
DA:16,6
DA:17,6
DA:18,6
DA:19,6
DA:20,6
DA:21,6
DA:22,6
DA:23,6
DA:25,1
DA:26,1
DA:28,1
DA:31,1
DA:32,6
DA:33,6
DA:34,6
DA:35,6
DA:36,6
DA:37,6
DA:38,1
DA:40,1
DA:43,1
DA:44,6
DA:45,6
DA:46,6
DA:47,6
DA:48,6
DA:49,6
DA:50,1
LF:33
LH:33
BRDA:13,0,0,6
BRDA:31,1,0,6
BRDA:43,2,0,6
BRF:3
BRH:3
end_of_record
TN:
SF:src/components/ui/badge.tsx
FN:13,Badge
FNF:1
FNH:1
FNDA:32,Badge
DA:1,1
DA:13,32
DA:14,32
DA:15,32
DA:16,32
DA:17,32
DA:18,32
DA:19,32
DA:20,32
DA:21,32
DA:22,32
DA:23,32
DA:24,32
DA:25,32
DA:26,32
DA:27,32
DA:29,32
LF:17
LH:17
BRDA:13,0,0,32
BRF:1
BRH:1
end_of_record
TN:
SF:src/components/ui/button.tsx
FNF:0
FNH:0
DA:1,1
DA:14,1
DA:15,1
DA:16,122
DA:17,122
DA:18,122
DA:19,122
DA:20,122
DA:21,122
DA:22,122
DA:23,122
DA:24,122
DA:25,122
DA:26,122
DA:27,122
DA:28,122
DA:29,122
DA:30,122
DA:31,122
DA:32,122
DA:33,122
DA:34,122
DA:35,122
DA:36,122
DA:38,122
DA:39,1
DA:40,1
LF:27
LH:27
BRDA:15,0,0,122
BRF:1
BRH:1
end_of_record
TN:
SF:src/components/ui/card.tsx
FNF:0
FNH:0
DA:1,1
DA:8,1
DA:11,1
DA:12,82
DA:13,82
DA:14,82
DA:15,82
DA:16,82
DA:17,82
DA:18,82
DA:19,82
DA:20,82
DA:21,1
DA:23,1
DA:26,1
DA:27,82
DA:28,82
DA:29,82
DA:30,82
DA:31,82
DA:32,82
DA:33,1
DA:35,1
DA:38,1
DA:39,81
DA:40,81
DA:41,81
DA:42,81
DA:43,81
DA:44,81
DA:45,81
DA:46,81
DA:47,81
DA:48,1
DA:50,1
DA:53,1
DA:54,33
DA:55,33
DA:56,33
DA:57,33
DA:58,33
DA:59,33
DA:60,1
DA:62,1
DA:65,1
DA:66,81
DA:67,1
DA:68,1
DA:70,1
DA:73,1
DA:74,0
DA:75,0
DA:76,0
DA:77,0
DA:78,0
DA:79,0
DA:80,1
LF:57
LH:51
BRDA:11,0,0,82
BRDA:26,1,0,82
BRDA:38,2,0,81
BRDA:53,3,0,33
BRDA:65,4,0,81
BRF:5
BRH:5
end_of_record
TN:
SF:src/components/ui/dialog.tsx
FN:19,Dialog
FN:26,onClick
FN:58,DialogHeader
FN:99,DialogFooter
FNF:4
FNH:3
FNDA:33,Dialog
FNDA:0,onClick
FNDA:10,DialogHeader
FNDA:10,DialogFooter
DA:1,1
DA:19,1
DA:20,33
DA:22,10
DA:23,10
DA:24,10
DA:25,10
DA:26,10
DA:27,10
DA:28,10
DA:29,10
DA:31,10
DA:33,1
DA:34,1
DA:35,10
DA:36,10
DA:37,10
DA:38,10
DA:39,10
DA:40,10
DA:41,10
DA:43,10
DA:44,0
DA:45,0
DA:46,0
DA:48,0
DA:49,0
DA:50,0
DA:52,10
DA:53,10
DA:55,1
DA:56,1
DA:58,1
DA:59,10
DA:60,10
DA:61,10
DA:62,10
DA:63,10
DA:64,10
DA:65,10
DA:66,10
DA:67,10
DA:68,10
DA:70,1
DA:72,1
DA:75,1
DA:76,10
DA:77,10
DA:78,10
DA:79,10
DA:80,10
DA:81,10
DA:82,10
DA:83,10
DA:84,10
DA:85,1
DA:87,1
DA:90,1
DA:91,10
DA:92,10
DA:93,10
DA:94,10
DA:95,10
DA:96,10
DA:97,1
DA:99,1
DA:100,10
DA:101,10
DA:102,10
DA:103,10
DA:104,10
DA:105,10
DA:106,10
DA:107,10
DA:108,10
DA:109,10
DA:111,1
LF:77
LH:71
BRDA:19,0,0,33
BRDA:20,1,0,23
BRDA:20,2,0,10
BRDA:34,3,0,10
BRDA:43,4,0,0
BRDA:58,5,0,10
BRDA:75,6,0,10
BRDA:90,7,0,10
BRDA:99,8,0,10
BRF:9
BRH:8
end_of_record
TN:
SF:src/components/ui/dropdown-menu.tsx
FN:1,(empty-report)
FNF:1
FNH:0
FNDA:0,(empty-report)
DA:1,0
DA:13,0
DA:15,0
DA:16,0
DA:18,0
DA:19,0
DA:20,0
DA:21,0
DA:22,0
DA:23,0
DA:24,0
DA:26,0
DA:27,0
DA:28,0
DA:29,0
DA:30,0
DA:32,0
DA:33,0
DA:34,0
DA:35,0
DA:36,0
DA:37,0
DA:39,0
DA:41,0
DA:44,0
DA:45,0
DA:46,0
DA:48,0
DA:49,0
DA:50,0
DA:52,0
DA:53,0
DA:54,0
DA:55,0
DA:56,0
DA:57,0
DA:58,0
DA:60,0
DA:61,0
DA:62,0
DA:63,0
DA:64,0
DA:65,0
DA:67,0
DA:68,0
DA:70,0
DA:71,0
DA:73,0
DA:76,0
DA:77,0
DA:78,0
DA:80,0
DA:82,0
DA:83,0
DA:84,0
DA:85,0
DA:86,0
DA:87,0
DA:88,0
DA:89,0
DA:90,0
DA:91,0
DA:93,0
DA:94,0
DA:96,0
DA:97,0
DA:99,0
DA:102,0
DA:103,0
DA:105,0
DA:106,0
DA:107,0
DA:108,0
DA:109,0
DA:110,0
DA:111,0
DA:112,0
DA:113,0
DA:114,0
DA:116,0
DA:117,0
LF:81
LH:0
BRDA:1,0,0,0
BRF:1
BRH:0
end_of_record
TN:
SF:src/components/ui/input.tsx
FNF:0
FNH:0
DA:1,1
DA:11,1
DA:12,1
DA:13,20
DA:14,20
DA:15,20
DA:16,20
DA:17,20
DA:18,20
DA:19,20
DA:20,20
DA:21,20
DA:22,20
DA:24,20
DA:25,1
DA:26,1
LF:16
LH:16
BRDA:12,0,0,20
BRF:1
BRH:1
end_of_record
TN:
SF:src/components/ui/select.tsx
FNF:0
FNH:0
DA:1,1
DA:13,1
DA:14,1
DA:15,16
DA:16,16
DA:17,16
DA:18,16
DA:19,16
DA:20,16
DA:21,16
DA:22,16
DA:24,16
DA:25,16
DA:26,16
DA:27,16
DA:29,1
DA:30,1
LF:17
LH:17
BRDA:14,0,0,16
BRF:1
BRH:1
end_of_record
TN:
SF:src/components/ui/table.tsx
FNF:0
FNH:0
DA:1,1
DA:8,1
DA:11,1
DA:12,7
DA:13,7
DA:14,7
DA:15,7
DA:16,7
DA:17,7
DA:18,7
DA:19,1
DA:20,1
DA:22,1
DA:25,1
DA:26,7
DA:27,1
DA:28,1
DA:30,1
DA:33,1
DA:34,7
DA:35,7
DA:36,7
DA:37,7
DA:38,7
DA:39,7
DA:40,1
DA:42,1
DA:45,1
DA:46,21
DA:47,21
DA:48,21
DA:49,21
DA:50,21
DA:51,21
DA:52,21
DA:53,21
DA:54,21
DA:55,1
DA:57,1
DA:60,1
DA:61,42
DA:62,42
DA:63,42
DA:64,42
DA:65,42
DA:66,42
DA:67,42
DA:68,42
DA:69,42
DA:70,1
DA:72,1
DA:75,1
DA:76,84
DA:77,84
DA:78,84
DA:79,84
DA:80,84
DA:81,84
DA:82,1
LF:59
LH:59
BRDA:11,0,0,7
BRDA:25,1,0,7
BRDA:33,2,0,7
BRDA:45,3,0,21
BRDA:60,4,0,42
BRDA:75,5,0,84
BRF:6
BRH:6
end_of_record
TN:
SF:src/components/ui/tabs.tsx
FN:1,(empty-report)
FNF:1
FNH:0
FNDA:0,(empty-report)
DA:1,0
DA:13,0
DA:22,0
DA:23,0
DA:24,0
DA:25,0
DA:26,0
DA:28,0
DA:30,0
DA:33,0
DA:34,0
DA:35,0
DA:36,0
DA:37,0
DA:38,0
DA:39,0
DA:40,0
DA:41,0
DA:42,0
DA:43,0
DA:49,0
DA:50,0
DA:51,0
DA:52,0
DA:53,0
DA:55,0
DA:56,0
DA:57,0
DA:58,0
DA:59,0
DA:60,0
DA:61,0
DA:62,0
DA:63,0
DA:64,0
DA:65,0
DA:67,0
DA:68,0
DA:69,0
DA:75,0
DA:76,0
DA:77,0
DA:78,0
DA:79,0
DA:81,0
DA:82,0
DA:83,0
DA:84,0
DA:85,0
DA:86,0
DA:87,0
DA:88,0
DA:89,0
DA:91,0
DA:92,0
DA:93,0
LF:56
LH:0
BRDA:1,0,0,0
BRF:1
BRH:0
end_of_record
TN:
SF:src/contexts/ThemeContext.tsx
FN:1,(empty-report)
FNF:1
FNH:0
FNDA:0,(empty-report)
DA:1,0
DA:14,0
DA:16,0
DA:17,0
DA:19,0
DA:20,0
DA:21,0
DA:22,0
DA:23,0
DA:25,0
DA:27,0
DA:28,0
DA:29,0
DA:32,0
DA:33,0
DA:35,0
DA:36,0
DA:37,0
DA:39,0
DA:40,0
DA:41,0
DA:42,0
DA:44,0
DA:46,0
DA:47,0
DA:48,0
DA:49,0
DA:50,0
DA:51,0
DA:52,0
LF:30
LH:0
BRDA:1,0,0,0
BRF:1
BRH:0
end_of_record
TN:
SF:src/lib/utils.ts
FN:4,cn
FNF:1
FNH:1
FNDA:795,cn
DA:1,1
DA:4,1
DA:5,795
DA:6,795
LF:4
LH:4
BRDA:4,0,0,795
BRF:1
BRH:1
end_of_record
TN:
SF:src/pages/ConfigPage.tsx
FN:13,ConfigPage
FN:18,fetchConfig
FN:35,copyToClipboard
FNF:3
FNH:3
FNDA:12,ConfigPage
FNDA:5,fetchConfig
FNDA:1,copyToClipboard
DA:1,1
DA:13,1
DA:14,12
DA:15,12
DA:16,12
DA:18,12
DA:19,5
DA:20,5
DA:21,5
DA:22,5
DA:23,4
DA:24,5
DA:25,1
DA:26,5
DA:27,5
DA:28,5
DA:29,5
DA:31,12
DA:32,4
DA:33,12
DA:35,12
DA:36,1
DA:37,1
DA:38,1
DA:39,1
DA:40,1
DA:42,12
DA:43,12
DA:44,12
DA:45,12
DA:46,12
DA:47,12
DA:48,12
DA:49,12
DA:50,12
DA:51,12
DA:53,12
DA:54,12
DA:55,12
DA:57,12
DA:58,12
DA:59,12
DA:61,12
DA:63,12
DA:64,4
DA:65,8
DA:66,6
DA:67,6
DA:68,6
DA:69,6
DA:70,6
DA:71,6
DA:72,6
DA:73,6
DA:74,6
DA:75,6
DA:76,6
DA:77,6
DA:78,6
DA:79,2
DA:80,12
DA:82,12
LF:62
LH:62
BRDA:13,0,0,12
BRDA:51,1,0,5
BRDA:51,2,0,7
BRDA:61,3,0,2
BRDA:63,4,0,5
BRDA:63,5,0,4
BRDA:64,6,0,8
BRDA:65,7,0,6
BRDA:78,8,0,2
BRDA:18,9,0,5
BRDA:22,10,0,4
BRDA:24,11,0,1
BRDA:31,12,0,4
BRDA:35,13,0,1
BRF:14
BRH:14
end_of_record
TN:
SF:src/pages/IndexPage.tsx
FN:18,IndexPage
FN:27,fetchStats
FN:44,handleRebuild
FN:73,onChange
FN:87,onClick
FN:219,onClick
FNF:6
FNH:4
FNDA:12,IndexPage
FNDA:4,fetchStats
FNDA:1,handleRebuild
FNDA:0,onChange
FNDA:1,onClick
FNDA:0,onClick
DA:1,1
DA:18,1
DA:19,12
DA:20,12
DA:21,12
DA:22,12
DA:23,12
DA:24,12
DA:25,12
DA:27,12
DA:28,4
DA:29,4
DA:30,4
DA:31,4
DA:32,3
DA:33,4
DA:34,1
DA:35,4
DA:36,4
DA:37,4
DA:38,4
DA:40,12
DA:41,3
DA:42,12
DA:44,12
DA:45,1
DA:46,1
DA:47,1
DA:48,1
DA:49,1
DA:50,1
DA:51,1
DA:52,1
DA:53,1
DA:54,1
DA:55,0
DA:56,1
DA:57,1
DA:58,1
DA:59,1
DA:61,12
DA:63,12
DA:64,12
DA:65,12
DA:66,12
DA:67,12
DA:68,12
DA:69,12
DA:70,12
DA:71,12
DA:72,12
DA:73,12
DA:74,12
DA:76,12
DA:77,12
DA:78,14
DA:79,14
DA:80,14
DA:81,12
DA:82,12
DA:83,12
DA:84,12
DA:86,12
DA:87,12
DA:88,12
DA:90,12
DA:91,12
DA:92,12
DA:94,12
DA:96,12
DA:97,3
DA:98,9
DA:99,7
DA:100,7
DA:101,7
DA:102,7
DA:103,7
DA:105,7
DA:106,7
DA:107,7
DA:108,7
DA:109,7
DA:110,7
DA:112,7
DA:113,7
DA:114,7
DA:115,7
DA:116,7
DA:117,7
DA:118,7
DA:119,7
DA:121,7
DA:122,7
DA:123,7
DA:124,7
DA:125,7
DA:126,7
DA:127,7
DA:128,7
DA:129,7
DA:130,7
DA:131,7
DA:132,7
DA:133,7
DA:134,7
DA:135,7
DA:136,7
DA:138,7
DA:139,7
DA:140,7
DA:141,7
DA:142,7
DA:143,7
DA:144,7
DA:145,7
DA:147,7
DA:148,7
DA:149,7
DA:150,7
DA:151,7
DA:152,7
DA:153,7
DA:154,7
DA:155,7
DA:156,7
DA:157,7
DA:158,7
DA:159,7
DA:160,7
DA:161,7
DA:162,7
DA:163,7
DA:164,7
DA:165,7
DA:166,7
DA:167,14
DA:168,14
DA:169,14
DA:170,14
DA:171,14
DA:172,14
DA:173,14
DA:174,14
DA:175,7
DA:176,7
DA:177,7
DA:178,7
DA:179,7
DA:181,7
DA:182,2
DA:184,12
DA:185,12
DA:186,12
DA:187,12
DA:188,12
DA:189,12
DA:190,0
DA:191,12
DA:192,12
DA:193,12
DA:194,12
DA:195,3
DA:196,3
DA:197,3
DA:198,3
DA:199,3
DA:200,3
DA:201,3
DA:202,3
DA:203,3
DA:205,3
DA:206,3
DA:207,3
DA:209,3
DA:210,0
DA:211,0
DA:212,0
DA:213,0
DA:214,0
DA:216,3
DA:218,12
DA:219,12
DA:221,12
DA:222,12
DA:223,12
DA:224,3
DA:225,3
DA:227,3
DA:229,9
DA:231,12
DA:232,12
DA:233,12
DA:234,12
DA:235,12
DA:237,12
LF:195
LH:188
BRDA:18,0,0,12
BRDA:61,1,0,7
BRDA:61,2,0,7
BRDA:61,3,0,5
BRDA:84,4,0,4
BRDA:84,5,0,8
BRDA:94,6,0,2
BRDA:96,7,0,4
BRDA:96,8,0,3
BRDA:97,9,0,9
BRDA:98,10,0,7
BRDA:181,11,0,2
BRDA:189,12,0,0
BRDA:194,13,0,3
BRDA:197,14,0,0
BRDA:198,15,0,0
BRDA:209,16,0,0
BRDA:223,17,0,3
BRDA:227,18,0,9
BRDA:27,19,0,4
BRDA:31,20,0,3
BRDA:33,21,0,1
BRDA:40,22,0,3
BRDA:44,23,0,1
BRDA:54,24,0,0
BRDA:77,25,0,14
BRDA:87,26,0,1
BRDA:166,27,0,14
BRF:28
BRH:23
end_of_record
TN:
SF:src/pages/LogsPage.tsx
FN:16,LogsPage
FN:25,fetchLogs
FN:61,copyToClipboard
FN:81,onChange
FN:88,onClick
FNF:5
FNH:5
FNDA:19,LogsPage
FNDA:6,fetchLogs
FNDA:1,copyToClipboard
FNDA:1,onChange
FNDA:2,onClick
DA:1,1
DA:16,1
DA:17,19
DA:18,19
DA:19,19
DA:20,19
DA:21,19
DA:22,19
DA:23,19
DA:25,19
DA:26,6
DA:27,6
DA:28,6
DA:29,6
DA:30,5
DA:31,5
DA:32,5
DA:33,5
DA:34,6
DA:35,2
DA:36,6
DA:37,6
DA:38,6
DA:39,6
DA:41,19
DA:42,6
DA:43,19
DA:45,19
DA:46,7
DA:47,1
DA:48,1
DA:49,1
DA:50,1
DA:51,1
DA:52,1
DA:53,1
DA:55,7
DA:56,0
DA:57,0
DA:58,0
DA:59,19
DA:61,19
DA:62,1
DA:63,1
DA:64,1
DA:65,1
DA:66,1
DA:68,19
DA:69,19
DA:70,19
DA:71,19
DA:72,19
DA:73,19
DA:74,19
DA:75,19
DA:76,19
DA:77,19
DA:78,19
DA:79,19
DA:80,19
DA:81,19
DA:82,19
DA:83,19
DA:84,19
DA:85,19
DA:86,19
DA:87,19
DA:88,19
DA:89,19
DA:91,19
DA:92,1
DA:93,1
DA:95,1
DA:97,17
DA:98,17
DA:100,17
DA:102,19
DA:103,19
DA:104,19
DA:106,19
DA:107,19
DA:108,19
DA:110,19
DA:111,19
DA:112,19
DA:114,19
DA:116,19
DA:117,5
DA:118,13
DA:119,11
DA:120,11
DA:121,11
DA:122,11
DA:123,11
DA:124,11
DA:125,11
DA:126,11
DA:127,11
DA:128,11
DA:129,11
DA:130,11
DA:131,22
DA:132,22
DA:133,22
DA:134,11
DA:136,0
DA:138,11
DA:139,11
DA:140,11
DA:141,11
DA:142,2
DA:143,19
DA:145,19
LF:113
LH:109
BRDA:16,0,0,19
BRDA:89,1,0,1
BRDA:89,2,0,17
BRDA:91,3,0,1
BRDA:95,4,0,17
BRDA:104,5,0,6
BRDA:104,6,0,12
BRDA:114,7,0,3
BRDA:116,8,0,6
BRDA:116,9,0,5
BRDA:117,10,0,13
BRDA:118,11,0,11
BRDA:124,12,0,1
BRDA:134,13,0,0
BRDA:141,14,0,2
BRDA:25,15,0,6
BRDA:29,16,0,5
BRDA:32,17,0,1
BRDA:34,18,0,2
BRDA:41,19,0,6
BRDA:45,20,0,7
BRDA:46,21,0,1
BRDA:53,22,0,6
BRDA:55,23,0,0
BRDA:49,24,0,1
BRDA:61,25,0,1
BRDA:81,26,0,1
BRDA:81,27,0,0
BRDA:88,28,0,2
BRDA:130,29,0,22
BRF:30
BRH:27
end_of_record
TN:
SF:src/pages/StatusPage.tsx
FN:15,StatusPage
FN:28,fetchStatus
FN:99,onChange
FN:103,onClick
FN:108,onClick
FNF:5
FNH:2
FNDA:4,StatusPage
FNDA:2,fetchStatus
FNDA:0,onChange
FNDA:0,onClick
FNDA:0,onClick
DA:1,1
DA:15,1
DA:16,4
DA:17,4
DA:18,4
DA:19,4
DA:20,4
DA:22,4
DA:23,2
DA:24,2
DA:25,2
DA:26,4
DA:28,4
DA:29,2
DA:30,2
DA:31,2
DA:32,2
DA:33,1
DA:34,1
DA:35,1
DA:36,1
DA:37,2
DA:38,2
DA:39,2
DA:40,2
DA:42,4
DA:43,2
DA:44,2
DA:45,2
DA:46,4
DA:48,4
DA:49,2
DA:50,2
DA:52,2
DA:53,2
DA:54,2
DA:55,2
DA:56,2
DA:57,2
DA:58,2
DA:59,2
DA:60,2
DA:61,2
DA:62,4
DA:64,4
DA:65,4
DA:67,4
DA:69,4
DA:70,1
DA:71,1
DA:72,1
DA:73,1
DA:74,1
DA:76,1
DA:77,1
DA:78,1
DA:79,1
DA:80,1
DA:81,1
DA:82,1
DA:83,1
DA:84,1
DA:85,1
DA:86,1
DA:87,1
DA:88,1
DA:89,1
DA:90,1
DA:91,1
DA:92,1
DA:93,1
DA:94,1
DA:95,1
DA:96,1
DA:97,1
DA:98,1
DA:99,1
DA:100,1
DA:101,1
DA:102,1
DA:103,1
DA:104,0
DA:106,0
DA:107,1
DA:108,1
DA:109,0
DA:110,0
DA:111,1
DA:112,1
DA:113,1
DA:115,1
DA:116,1
DA:118,1
DA:119,1
DA:120,1
DA:121,1
DA:123,1
DA:124,1
DA:125,1
DA:126,1
DA:127,1
DA:128,1
DA:129,1
DA:130,1
DA:131,1
DA:132,1
DA:133,1
DA:134,1
DA:135,1
DA:136,1
DA:137,1
DA:138,1
DA:139,1
DA:140,1
DA:141,1
DA:143,1
DA:144,1
DA:146,1
DA:147,1
DA:148,1
DA:149,1
DA:151,1
DA:152,1
DA:153,1
DA:154,1
DA:155,1
DA:156,1
DA:157,1
DA:158,1
DA:159,1
DA:160,1
DA:161,1
DA:162,1
DA:163,1
DA:164,1
DA:165,1
DA:166,1
DA:167,1
DA:169,0
DA:171,1
DA:172,1
DA:173,1
DA:174,1
DA:176,1
DA:177,1
DA:178,1
DA:179,1
DA:180,1
DA:181,1
DA:182,1
DA:183,1
DA:184,1
DA:185,1
DA:186,1
DA:187,1
DA:188,1
DA:189,1
DA:190,1
DA:191,1
DA:192,1
DA:193,1
DA:194,1
DA:195,1
DA:196,1
DA:198,4
DA:200,4
LF:166
LH:161
BRDA:15,0,0,4
BRDA:48,1,0,2
BRDA:48,2,0,2
BRDA:62,3,0,0
BRDA:62,4,0,2
BRDA:67,5,0,1
BRDA:69,6,0,1
BRDA:167,7,0,0
BRDA:22,8,0,2
BRDA:28,9,0,2
BRDA:32,10,0,1
BRDA:42,11,0,2
BRDA:45,12,0,2
BRDA:163,13,0,1
BRDA:183,14,0,1
BRF:15
BRH:13
end_of_record
TN:
SF:src/pages/VectorPage.tsx
FN:17,VectorPage
FN:33,fetchStatus
FN:57,handleRebuild
FN:77,formatSize
FN:94,onClick
FN:212,onChange
FN:226,onChange
FN:249,onClick
FN:269,onOpenChange
FN:327,onClick
FNF:10
FNH:6
FNDA:11,VectorPage
FNDA:3,fetchStatus
FNDA:1,handleRebuild
FNDA:0,formatSize
FNDA:1,onClick
FNDA:1,onChange
FNDA:1,onChange
FNDA:0,onClick
FNDA:0,onOpenChange
FNDA:0,onClick
DA:1,1
DA:17,1
DA:18,11
DA:19,11
DA:20,11
DA:21,11
DA:22,11
DA:23,11
DA:24,11
DA:25,11
DA:26,11
DA:27,11
DA:28,11
DA:29,11
DA:30,11
DA:32,11
DA:33,3
DA:34,3
DA:35,3
DA:36,2
DA:37,2
DA:38,2
DA:39,2
DA:40,2
DA:41,3
DA:42,0
DA:43,0
DA:44,0
DA:45,3
DA:47,2
DA:48,3
DA:49,1
DA:50,3
DA:51,3
DA:52,3
DA:53,3
DA:54,3
DA:55,11
DA:57,11
DA:58,1
DA:59,1
DA:60,1
DA:61,1
DA:62,1
DA:63,1
DA:64,1
DA:65,1
DA:66,1
DA:67,1
DA:68,1
DA:69,0
DA:70,1
DA:71,1
DA:72,1
DA:73,1
DA:75,11
DA:77,11
DA:78,0
DA:79,0
DA:80,0
DA:81,0
DA:82,0
DA:83,0
DA:84,0
DA:85,0
DA:87,11
DA:88,11
DA:89,11
DA:90,11
DA:91,11
DA:92,11
DA:93,11
DA:94,11
DA:95,11
DA:97,11
DA:98,11
DA:100,11
DA:102,11
DA:103,3
DA:104,8
DA:105,7
DA:106,7
DA:107,7
DA:108,7
DA:109,7
DA:111,7
DA:112,7
DA:113,7
DA:114,7
DA:115,7
DA:116,7
DA:117,7
DA:118,7
DA:119,7
DA:120,7
DA:121,7
DA:122,7
DA:123,7
DA:124,7
DA:125,7
DA:126,7
DA:127,7
DA:128,7
DA:129,7
DA:130,7
DA:132,7
DA:133,7
DA:135,7
DA:136,7
DA:137,7
DA:138,7
DA:139,7
DA:140,7
DA:141,7
DA:142,7
DA:143,7
DA:144,7
DA:146,7
DA:147,7
DA:148,7
DA:149,7
DA:150,7
DA:151,7
DA:152,7
DA:153,0
DA:154,0
DA:155,0
DA:156,0
DA:157,0
DA:158,0
DA:159,0
DA:160,0
DA:161,0
DA:162,0
DA:163,0
DA:164,0
DA:165,0
DA:166,0
DA:167,0
DA:168,0
DA:169,0
DA:170,0
DA:171,0
DA:172,0
DA:174,0
DA:176,0
DA:177,0
DA:178,0
DA:179,0
DA:180,0
DA:181,0
DA:182,0
DA:183,0
DA:184,0
DA:185,0
DA:186,0
DA:187,0
DA:188,0
DA:189,0
DA:190,0
DA:192,7
DA:194,7
DA:195,7
DA:196,7
DA:197,1
DA:199,11
DA:200,11
DA:201,11
DA:202,11
DA:203,11
DA:205,11
DA:206,11
DA:207,11
DA:208,11
DA:209,11
DA:210,11
DA:211,11
DA:212,11
DA:214,11
DA:215,11
DA:216,7
DA:217,7
DA:218,7
DA:219,11
DA:220,11
DA:221,11
DA:222,11
DA:223,11
DA:224,11
DA:225,11
DA:226,11
DA:227,11
DA:228,11
DA:229,11
DA:230,11
DA:231,1
DA:232,1
DA:233,1
DA:234,1
DA:235,1
DA:236,1
DA:237,1
DA:238,1
DA:239,1
DA:241,1
DA:242,1
DA:243,1
DA:245,1
DA:247,11
DA:248,11
DA:249,11
DA:250,0
DA:251,0
DA:252,0
DA:254,11
DA:255,11
DA:256,11
DA:257,1
DA:258,1
DA:260,1
DA:262,10
DA:264,11
DA:265,11
DA:266,11
DA:267,11
DA:269,11
DA:270,11
DA:271,11
DA:272,11
DA:273,11
DA:274,11
DA:275,11
DA:276,11
DA:277,0
DA:278,0
DA:279,0
DA:280,0
DA:281,0
DA:282,0
DA:283,0
DA:284,0
DA:285,0
DA:286,0
DA:287,0
DA:288,0
DA:289,0
DA:290,0
DA:291,0
DA:292,0
DA:293,0
DA:294,0
DA:296,0
DA:297,0
DA:298,0
DA:299,0
DA:300,0
DA:301,0
DA:302,0
DA:303,0
DA:304,0
DA:305,0
DA:306,0
DA:307,0
DA:308,0
DA:309,0
DA:310,0
DA:311,0
DA:312,0
DA:313,0
DA:314,0
DA:315,0
DA:316,0
DA:317,0
DA:318,0
DA:319,0
DA:321,0
DA:323,11
DA:325,11
DA:326,11
DA:327,11
DA:328,11
DA:329,11
DA:330,11
DA:331,11
DA:333,11
LF:285
LH:191
BRDA:17,0,0,11
BRDA:75,1,0,7
BRDA:75,2,0,7
BRDA:75,3,0,4
BRDA:100,4,0,1
BRDA:102,5,0,3
BRDA:103,6,0,8
BRDA:104,7,0,7
BRDA:116,8,0,0
BRDA:117,9,0,0
BRDA:122,10,0,0
BRDA:123,11,0,0
BRDA:152,12,0,0
BRDA:196,13,0,1
BRDA:227,14,0,7
BRDA:227,15,0,4
BRDA:230,16,0,1
BRDA:233,17,0,0
BRDA:234,18,0,0
BRDA:256,19,0,1
BRDA:260,20,0,10
BRDA:272,21,0,0
BRDA:276,22,0,0
BRDA:276,23,0,0
BRDA:276,24,0,0
BRDA:32,25,0,3
BRDA:33,26,0,3
BRDA:35,27,0,2
BRDA:41,28,0,0
BRDA:45,29,0,2
BRDA:48,30,0,1
BRDA:57,31,0,1
BRDA:63,32,0,0
BRDA:65,33,0,0
BRDA:68,34,0,0
BRDA:94,35,0,1
BRDA:212,36,0,1
BRDA:215,37,0,7
BRDA:226,38,0,1
BRDA:277,39,0,0
BRF:40
BRH:24
end_of_record
TN:
SF:src/types/api.ts
FN:1,(empty-report)
FNF:1
FNH:1
FNDA:1,(empty-report)
LF:0
LH:0
BRDA:1,0,0,1
BRF:1
BRH:1
end_of_record
TN:
SF:src/utils/api.ts
FN:33,getApiKey
FN:58,handleError
FN:77,getStatus
FN:86,getIndexStats
FN:96,rebuildIndex
FN:108,rebuildVector
FN:126,rebuildFile
FN:148,getStaleIndex
FN:158,getLogsTail
FN:169,getConfig
FN:179,setApiKey
FNF:11
FNH:5
FNDA:3,getApiKey
FNDA:1,handleError
FNDA:2,getStatus
FNDA:0,getIndexStats
FNDA:0,rebuildIndex
FNDA:0,rebuildVector
FNDA:0,rebuildFile
FNDA:0,getStaleIndex
FNDA:1,getLogsTail
FNDA:0,getConfig
FNDA:1,setApiKey
DA:1,1
DA:30,1
DA:33,1
DA:34,3
DA:35,3
DA:36,3
DA:37,0
DA:38,0
DA:41,1
DA:42,1
DA:43,1
DA:44,1
DA:45,1
DA:46,1
DA:49,1
DA:50,3
DA:51,3
DA:52,1
DA:53,1
DA:54,3
DA:55,3
DA:58,1
DA:59,1
DA:60,1
DA:61,1
DA:62,1
DA:63,1
DA:64,0
DA:65,0
DA:66,0
DA:67,1
DA:68,1
DA:69,0
DA:70,0
DA:71,0
DA:72,0
DA:73,0
DA:77,1
DA:78,2
DA:79,2
DA:80,1
DA:81,1
DA:82,1
DA:83,1
DA:84,2
DA:86,1
DA:87,0
DA:88,0
DA:89,0
DA:90,0
DA:91,0
DA:92,0
DA:93,0
DA:94,0
DA:96,1
DA:97,0
DA:98,0
DA:99,0
DA:100,0
DA:101,0
DA:102,0
DA:103,0
DA:104,0
DA:105,0
DA:106,0
DA:108,1
DA:109,0
DA:110,0
DA:111,0
DA:112,0
DA:113,0
DA:114,0
DA:115,0
DA:116,0
DA:117,0
DA:118,0
DA:119,0
DA:126,1
DA:127,0
DA:128,0
DA:129,0
DA:130,0
DA:131,0
DA:132,0
DA:133,0
DA:134,0
DA:135,0
DA:136,0
DA:148,1
DA:149,0
DA:150,0
DA:151,0
DA:152,0
DA:153,0
DA:154,0
DA:155,0
DA:156,0
DA:158,1
DA:159,1
DA:160,1
DA:161,1
DA:162,1
DA:163,1
DA:164,1
DA:165,0
DA:166,0
DA:167,1
DA:169,1
DA:170,0
DA:171,0
DA:172,0
DA:173,0
DA:174,0
DA:175,0
DA:176,0
DA:179,1
DA:180,1
DA:181,1
DA:182,1
DA:183,1
DA:184,0
DA:185,0
DA:186,1
DA:187,1
LF:124
LH:56
BRDA:33,0,0,3
BRDA:36,1,0,0
BRDA:49,2,0,3
BRDA:51,3,0,1
BRDA:58,4,0,1
BRDA:63,5,0,0
BRDA:68,6,0,0
BRDA:77,7,0,2
BRDA:79,8,0,1
BRDA:158,9,0,1
BRDA:164,10,0,0
BRDA:179,11,0,1
BRDA:183,12,0,0
BRF:13
BRH:8
end_of_record
